[2024-12-05 17:52:27.040][info   ][DB] @Kxs_Interface - executing, sql: QueryValue { sql: "SELECT createdtime FROM sendMsg_users where userid = @id", Params: [{id:398}] }
[2024-12-05 17:52:27.065][info   ][DB] @Kxs_Interface - elapsed:24ms, sql: QueryValue { sql: "SELECT createdtime FROM sendMsg_users where userid = @id", Params: [{id:398}] }
[2024-12-05 17:52:27.066][info   ][DB] @Kxs_Interface - executing, sql: QueryValue { sql: "SELECT top 1 createdtime FROM sendMsg_users ", Params: [<nil>] }
[2024-12-05 17:52:27.092][info   ][DB] @Kxs_Interface - elapsed:26ms, sql: QueryValue { sql: "SELECT top 1 createdtime FROM sendMsg_users ", Params: [<nil>] }
[2024-12-05 17:52:27.104][info   ][DB] @Kxs_Interface - executing, sql: QueryValue { sql: "SELECT top 1 userid FROM sendMsg_users where userPhone = @userphone and username = @username and userid = @userid", Params: [{username:苏宁绿} {userphone:15345923407} {userid:398}] }
[2024-12-05 17:52:27.133][info   ][DB] @Kxs_Interface - elapsed:29ms, sql: QueryValue { sql: "SELECT top 1 userid FROM sendMsg_users where userPhone = @userphone and username = @username and userid = @userid", Params: [{username:苏宁绿} {userphone:15345923407} {userid:398}] }
[2024-12-05 17:52:27.133][info   ][DB] @Kxs_Interface - executing, sql: QueryCollect { sql: "SELECT userid,username FROM sendMsg_users where userid <= @userid", Params: [{userid:308}] }
[2024-12-05 17:52:27.160][info   ][DB] @Kxs_Interface - elapsed:26ms, sql: QueryCollect { sql: "SELECT userid,username FROM sendMsg_users where userid <= @userid", Params: [{userid:308}] }
[2024-12-05 17:52:27.161][info   ][DB] @Kxs_Interface - executing, sql: Exec { sql: "INSERT INTO go_table (id,name) VALUES (:id,:name)", Params: [map[age:2 id:5 name:钱二 sex:1]] }
[2024-12-05 17:52:27.187][info   ][DB] @Kxs_Interface - elapsed:25ms, sql: Exec { sql: "INSERT INTO go_table (id,name) VALUES (:id,:name)", Params: [map[age:2 id:5 name:钱二 sex:1]], RowsAffected: 1 }
[2024-12-05 17:52:27.187][info   ][DB] @Kxs_Interface - executing, sql: Exec { sql: "INSERT INTO go_table (id,name) VALUES (:id,:name)", Params: [[map[age:2 id:5 name:钱二 sex:1] map[age:2 id:6 name:李四 sex:2] map[age:3 id:7 name:王五 sex:3]]] }
[2024-12-05 17:52:27.213][info   ][DB] @Kxs_Interface - elapsed:25ms, sql: Exec { sql: "INSERT INTO go_table (id,name) VALUES (:id,:name)", Params: [[map[age:2 id:5 name:钱二 sex:1] map[age:2 id:6 name:李四 sex:2] map[age:3 id:7 name:王五 sex:3]]], RowsAffected: 3 }
[2024-12-05 17:52:27.214][info   ][DB] @Kxs_Interface - executing, sql: Exec { sql: "INSERT INTO go_table (id,name) VALUES (:id,:name)", Params: [{ID:2 Name:张三}] }
[2024-12-05 17:52:27.239][info   ][DB] @Kxs_Interface - elapsed:25ms, sql: Exec { sql: "INSERT INTO go_table (id,name) VALUES (:id,:name)", Params: [{ID:2 Name:张三}], RowsAffected: 1 }
[2024-12-05 17:52:27.239][info   ][DB] @Kxs_Interface - executing, sql: Exec { sql: "INSERT INTO go_table (id,name) VALUES (:id,:name)", Params: [[{ID:1 Name:李四} {ID:2 Name:王五} {ID:3 Name:赵六}]] }
[2024-12-05 17:52:27.268][info   ][DB] @Kxs_Interface - elapsed:28ms, sql: Exec { sql: "INSERT INTO go_table (id,name) VALUES (:id,:name)", Params: [[{ID:1 Name:李四} {ID:2 Name:王五} {ID:3 Name:赵六}]], RowsAffected: 3 }
[2024-12-05 17:52:27.293][info   ][DB] @Kxs_Interface - executed:24ms, sql: ExecSQLWithTran { Transaction begun successfully }
[2024-12-05 17:52:27.293][info   ][DB] @Kxs_Interface - executing, sql: ExecSQLWithTran { sql: "INSERT INTO go_table (id,name) VALUES (:id,:name)", Params: [{2 张三}] }
[2024-12-05 17:52:27.320][info   ][DB] @Kxs_Interface - elapsed:26ms, sql: ExecSQLWithTran { sql: "INSERT INTO go_table (id,name) VALUES (:id,:name)", Params: [{2 张三}], RowsAffected: 1 }
[2024-12-05 17:52:27.345][info   ][DB] @Kxs_Interface - executed:24ms, sql: ExecSQLWithTran { Transaction committed successfully }
[2024-12-05 17:52:27.370][info   ][DB] @Kxs_Interface - executed:24ms, sql: ExecSQLWithTran { Transaction begun successfully }
[2024-12-05 17:52:27.370][info   ][DB] @Kxs_Interface - executing, sql: ExecSQLWithTran { sql: "INSERT INTO go_table (id,name) VALUES (:id,:name)", Params: [{1 李四} {2 王五} {3 赵六}] }
[2024-12-05 17:52:27.396][info   ][DB] @Kxs_Interface - elapsed:25ms, sql: ExecSQLWithTran { sql: "INSERT INTO go_table (id,name) VALUES (:id,:name)", Params: [{1 李四} {2 王五} {3 赵六}], RowsAffected: 3 }
[2024-12-05 17:52:27.421][info   ][DB] @Kxs_Interface - executed:25ms, sql: ExecSQLWithTran { Transaction committed successfully }
[2024-12-05 17:52:27.422][info   ][DB] @Kxs_Interface - executing, sql: BeginTran { Begin transaction }
[2024-12-05 17:52:27.446][info   ][DB] @Kxs_Interface - executed:24ms, sql: BeginTran { Transaction begun successfully }
[2024-12-05 17:52:27.446][info   ][DB] @Kxs_Interface - executing, sql: Exec { sql: "DELETE FROM dbo.go_table where id = 3", Params: [<nil>] }
[2024-12-05 17:52:27.471][info   ][DB] @Kxs_Interface - elapsed:24ms, sql: Exec { sql: "DELETE FROM dbo.go_table where id = 3", Params: [{}], RowsAffected: 3 }
[2024-12-05 17:52:27.471][info   ][DB] @Kxs_Interface - executed:0ms, sql: HasTran(emit-Commit) { Transaction is active }
[2024-12-05 17:52:27.497][info   ][DB] @Kxs_Interface - executed:25ms, sql: Commit { Transaction committed successfully }
[2024-12-05 17:52:27.497][info   ][DB] @Kxs_Interface - executing, sql: BeginTran { Begin transaction }
[2024-12-05 17:52:27.521][info   ][DB] @Kxs_Interface - executed:24ms, sql: BeginTran { Transaction begun successfully }
[2024-12-05 17:52:27.521][info   ][DB] @Kxs_Interface - executing, sql: Exec { sql: "INSERT INTO go_table (id, name) VALUES (:id, :name)", Params: [{ID:2 Name:张三}] }
[2024-12-05 17:52:27.549][info   ][DB] @Kxs_Interface - elapsed:27ms, sql: Exec { sql: "INSERT INTO go_table (id, name) VALUES (:id, :name)", Params: [{ID:2 Name:张三}], RowsAffected: 1 }
[2024-12-05 17:52:27.549][info   ][DB] @Kxs_Interface - executed:0ms, sql: HasTran(emit-Commit) { Transaction is active }
[2024-12-05 17:52:27.577][info   ][DB] @Kxs_Interface - executed:27ms, sql: Commit { Transaction committed successfully }
[2024-12-05 17:52:27.577][info   ][DB] @Kxs_Interface - executing, sql: BeginTran { Begin transaction }
[2024-12-05 17:52:27.605][info   ][DB] @Kxs_Interface - executed:28ms, sql: BeginTran { Transaction begun successfully }
[2024-12-05 17:52:27.605][info   ][DB] @Kxs_Interface - executing, sql: Exec { sql: "INSERT INTO go_table (id, name) VALUES (:id, :name)", Params: [{ID:2 Name:张三}] }
[2024-12-05 17:52:27.632][info   ][DB] @Kxs_Interface - elapsed:26ms, sql: Exec { sql: "INSERT INTO go_table (id, name) VALUES (:id, :name)", Params: [{ID:2 Name:张三}], RowsAffected: 1 }
[2024-12-05 17:52:27.632][info   ][DB] @Kxs_Interface - executed:0ms, sql: HasTran(emit-Rollback) { Transaction is active }
[2024-12-05 17:52:27.657][info   ][DB] @Kxs_Interface - executed:24ms, sql: Rollback { Transaction rolled back successfully }
[2024-12-05 17:52:27.657][info   ][DB] @Kxs_Interface - executed, sql: BeginTranAutoRoll { Transaction rolled back automatically as it was not committed }
[2024-12-05 17:52:27.657][info   ][DB] @Kxs_Interface - executing, sql: BeginTran { Begin transaction }
[2024-12-05 17:52:27.682][info   ][DB] @Kxs_Interface - executed:25ms, sql: BeginTran { Transaction begun successfully }
[2024-12-05 17:52:27.682][info   ][DB] @Kxs_Interface - executing, sql: Exec { sql: "SET TRANSACTION ISOLATION LEVEL SERIALIZABLE", Params: [<nil>] }
[2024-12-05 17:52:27.707][info   ][DB] @Kxs_Interface - elapsed:24ms, sql: Exec { sql: "SET TRANSACTION ISOLATION LEVEL SERIALIZABLE", Params: [{}], RowsAffected: 0 }
[2024-12-05 17:52:27.707][info   ][DB] @Kxs_Interface - executing, sql: QueryCollect { sql: "SELECT userid, username FROM sendMsg_users(nolock) WHERE userid <= @userid", Params: [{userid:308}] }
[2024-12-05 17:52:27.732][info   ][DB] @Kxs_Interface - elapsed:25ms, sql: QueryCollect { sql: "SELECT userid, username FROM sendMsg_users(nolock) WHERE userid <= @userid", Params: [{userid:308}] }
[2024-12-05 17:52:27.732][info   ][DB] @Kxs_Interface - executing, sql: Exec { sql: "INSERT INTO go_table (id, name) VALUES (:id, :name)", Params: [map[age:2 id:5 name:钱二 sex:1]] }
[2024-12-05 17:52:27.757][info   ][DB] @Kxs_Interface - elapsed:24ms, sql: Exec { sql: "INSERT INTO go_table (id, name) VALUES (:id, :name)", Params: [map[age:2 id:5 name:钱二 sex:1]], RowsAffected: 1 }
[2024-12-05 17:52:27.757][info   ][DB] @Kxs_Interface - executing, sql: Exec { sql: "INSERT INTO go_table (id, name) VALUES (:id, :name)", Params: [map[age:2 id:5 name:钱二 sex:1]] }
[2024-12-05 17:52:27.785][info   ][DB] @Kxs_Interface - elapsed:27ms, sql: Exec { sql: "INSERT INTO go_table (id, name) VALUES (:id, :name)", Params: [map[age:2 id:5 name:钱二 sex:1]], RowsAffected: 1 }
[2024-12-05 17:52:27.786][info   ][DB] @Kxs_Interface - executing, sql: Exec { sql: "DELETE FROM dbo.go_table where id = 1", Params: [<nil>] }
[2024-12-05 17:52:27.811][info   ][DB] @Kxs_Interface - elapsed:25ms, sql: Exec { sql: "DELETE FROM dbo.go_table where id = 1", Params: [{}], RowsAffected: 3 }
[2024-12-05 17:52:27.812][info   ][DB] @Kxs_Interface - executed:0ms, sql: HasTran(emit-Commit) { Transaction is active }
[2024-12-05 17:52:27.837][info   ][DB] @Kxs_Interface - executed:25ms, sql: Commit { Transaction committed successfully }
[2024-12-05 17:52:27.837][info   ][DB] @Kxs_Interface - executed:0ms, sql: HasTran(emit-Commit) { No active transaction }
[2024-12-05 17:52:27.837][info   ][DB] @Kxs_Interface - executing, sql: BeginTran { Begin transaction }
[2024-12-05 17:52:27.864][info   ][DB] @Kxs_Interface - executed:26ms, sql: BeginTran { Transaction begun successfully }
[2024-12-05 17:52:27.864][info   ][DB] @Kxs_Interface - executing, sql: Exec { sql: "INSERT INTO go_table (id, name) VALUES (:id, :name)", Params: [[{ID:1 Name:李四} {ID:2 Name:王五} {ID:3 Name:赵六}]] }
[2024-12-05 17:52:27.889][info   ][DB] @Kxs_Interface - elapsed:24ms, sql: Exec { sql: "INSERT INTO go_table (id, name) VALUES (:id, :name)", Params: [[{ID:1 Name:李四} {ID:2 Name:王五} {ID:3 Name:赵六}]], RowsAffected: 3 }
[2024-12-05 17:52:27.889][info   ][DB] @Kxs_Interface - executed:0ms, sql: HasTran(emit-Commit) { Transaction is active }
[2024-12-05 17:52:27.918][info   ][DB] @Kxs_Interface - executed:29ms, sql: Commit { Transaction committed successfully }
[2024-12-05 17:52:27.918][info   ]execute time:81ms
[2024-12-05 17:52:27.919][info   ][DB] @Kxs_Interface - executing, sql: TableExists { TableExists? }
[2024-12-05 17:52:27.943][info   ][DB] @Kxs_Interface - executed:24ms, sql: TableExists { TableExists: true }
[2024-12-05 17:52:27.943][info   ][DB] @Kxs_Interface - executing, sql: ColumnExists { ColumnExists? }
[2024-12-05 17:52:27.970][info   ][DB] @Kxs_Interface - executed:26ms, sql: ColumnExists { ColumnExists: true }
[2024-12-05 17:52:28.067][info   ][DB] @Kxs_Interface - executed:97ms, sql: LockExists { Table [T_WF_PROCDEF] locked is: false }
[2024-12-05 17:52:28.166][info   ][DB] @Kxs_Interface - executed:98ms, sql: LockExists { Table [T_WF_PROCINST] locked is: false }
[2024-12-05 17:52:28.166][info   ][DB] @Kxs_Interface - executed:0ms, sql: Close { Transaction closed successfully }
